<html>
<head>
<title>TestNG:  Default test</title>
<link href="../testng.css" rel="stylesheet" type="text/css" />
<link href="../my-testng.css" rel="stylesheet" type="text/css" />

<style type="text/css">
.log { display: none;} 
.stack-trace { display: none;} 
</style>
<script type="text/javascript">
<!--
function flip(e) {
  current = e.style.display;
  if (current == 'block') {
    e.style.display = 'none';
    return 0;
  }
  else {
    e.style.display = 'block';
    return 1;
  }
}

function toggleBox(szDivId, elem, msg1, msg2)
{
  var res = -1;  if (document.getElementById) {
    res = flip(document.getElementById(szDivId));
  }
  else if (document.all) {
    // this is the way old msie versions work
    res = flip(document.all[szDivId]);
  }
  if(elem) {
    if(res == 0) elem.innerHTML = msg1; else elem.innerHTML = msg2;
  }

}

function toggleAllBoxes() {
  if (document.getElementsByTagName) {
    d = document.getElementsByTagName('div');
    for (i = 0; i < d.length; i++) {
      if (d[i].className == 'log') {
        flip(d[i]);
      }
    }
  }
}

// -->
</script>

</head>
<body>
<h2 align='center'>Default test</h2><table border='1' align="center">
<tr>
<td>Tests passed/Failed/Skipped:</td><td>6/1/0</td>
</tr><tr>
<td>Started on:</td><td>Thu Feb 22 11:54:54 IST 2024</td>
</tr>
<tr><td>Total time:</td><td>44 seconds (44309 ms)</td>
</tr><tr>
<td>Included groups:</td><td></td>
</tr><tr>
<td>Excluded groups:</td><td></td>
</tr>
</table><p/>
<small><i>(Hover the method name to see the test class name)</i></small><p/>
<table width='100%' border='1' class='invocation-failed'>
<tr><td colspan='4' align='center'><b>FAILED TESTS</b></td></tr>
<tr><td><b>Test method</b></td>
<td><b>Attribute(s)</b></td>
<td width="30%"><b>Exception</b></td>
<td width="10%"><b>Time (seconds)</b></td>
<td><b>Instance</b></td>
</tr>
<tr>
<td title='testRunner.MyTestRunner.runScenario()'><b>runScenario</b><br>Test class: testRunner.MyTestRunner<br>Test method: Runs Cucumber Scenarios<br>Parameters: "Validate Request Documnent Btn", "Test Vault Page Functionality"</td>
<td><div><pre>org.openqa.selenium.NoSuchElementException: Unable to locate element: #btnRequestNewDocument
For documentation on this error, please visit: https://www.selenium.dev/documentation/webdriver/troubleshooting/errors#no-such-element-exception
Build info: version: &apos;4.13.0&apos;, revision: &apos;ba948ece5b*&apos;
System info: os.name: &apos;Windows 11&apos;, os.arch: &apos;amd64&apos;, os.version: &apos;10.0&apos;, java.version: &apos;17.0.3.1&apos;
Driver info: org.openqa.selenium.firefox.FirefoxDriver
Command: [ee53ac78-b0e1-49a7-9a12-7d1d995b4335, findElement {using=id, value=btnRequestNewDocument}]
Capabilities {acceptInsecureCerts: true, browserName: firefox, browserVersion: 122.0, moz:accessibilityChecks: false, moz:buildID: 20231220091547, moz:debuggerAddress: 127.0.0.1:34948, moz:geckodriverVersion: 0.34.0, moz:headless: false, moz:platformVersion: 10.0, moz:processID: 28888, moz:profile: C:\Users\OMEN\AppData\Local..., moz:shutdownTimeout: 60000, moz:webdriverClick: true, moz:windowless: false, pageLoadStrategy: normal, platformName: windows, proxy: Proxy(), se:cdp: ws://127.0.0.1:34948/devtoo..., se:cdpVersion: 85.0, setWindowRect: true, strictFileInteractability: false, timeouts: {implicit: 0, pageLoad: 300000, script: 30000}, unhandledPromptBehavior: dismiss and notify}
Session ID: ee53ac78-b0e1-49a7-9a12-7d1d995b4335
	at java.base/jdk.internal.reflect.NativeConstructorAccessorImpl.newInstance0(Native Method)
	at java.base/jdk.internal.reflect.NativeConstructorAccessorImpl.newInstance(NativeConstructorAccessorImpl.java:77)
	at java.base/jdk.internal.reflect.DelegatingConstructorAccessorImpl.newInstance(DelegatingConstructorAccessorImpl.java:45)
	at java.base/java.lang.reflect.Constructor.newInstanceWithCaller(Constructor.java:499)
	at java.base/java.lang.reflect.Constructor.newInstance(Constructor.java:480)
	at org.openqa.selenium.remote.codec.w3c.W3CHttpResponseCodec.createException(W3CHttpResponseCodec.java:200)
	at org.openqa.selenium.remote.codec.w3c.W3CHttpResponseCodec.decode(W3CHttpResponseCodec.java:133)
	at org.openqa.selenium.remote.codec.w3c.W3CHttpResponseCodec.decode(W3CHttpResponseCodec.java:52)
	at org.openqa.selenium.remote.HttpCommandExecutor.execute(HttpCommandExecutor.java:191)
	at org.openqa.selenium.remote.service.DriverCommandExecutor.invokeExecute(DriverCommandExecutor.java:196)
	at org.openqa.selenium.remote.service.DriverCommandExecutor.execute(DriverCommandExecutor.java:171)
	at org.openqa.selenium.remote.RemoteWebDriver.execute(RemoteWebDriver.java:602)
	at org.openqa.selenium.remote.ElementLocation$ElementFinder$2.findElement(ElementLocation.java:165)
	at org.openqa.selenium.remote.ElementLocation.findElement(ElementLocation.java:59)
	at org.openqa.selenium.remote.RemoteWebDriver.findElement(RemoteWebDriver.java:359)
	at org.openqa.selenium.remote.RemoteWebDriver.findElement(RemoteWebDriver.java:353)
	at pages.VaultPage.validateReqDocButton(VaultPage.java:34)
	at stepdefination.VaultPagedefinition.vaildate_request_doc_button_is_displayed(VaultPagedefinition.java:53)
	at ✽.vaildate request doc button is displayed(file:///C:/Users/OMEN/Desktop/workspace/CucumberBDDTestNGProject/src/test/resources/appFeature/vaultPage.feature:15)
</pre></div><a href='#' onClick='toggleBox("stack-trace951236130", this, "Click to show all stack frames", "Click to hide stack frames")'>Click to show all stack frames</a>
<div class='stack-trace' id='stack-trace951236130'><pre>org.openqa.selenium.NoSuchElementException: Unable to locate element: #btnRequestNewDocument
For documentation on this error, please visit: https://www.selenium.dev/documentation/webdriver/troubleshooting/errors#no-such-element-exception
Build info: version: &apos;4.13.0&apos;, revision: &apos;ba948ece5b*&apos;
System info: os.name: &apos;Windows 11&apos;, os.arch: &apos;amd64&apos;, os.version: &apos;10.0&apos;, java.version: &apos;17.0.3.1&apos;
Driver info: org.openqa.selenium.firefox.FirefoxDriver
Command: [ee53ac78-b0e1-49a7-9a12-7d1d995b4335, findElement {using=id, value=btnRequestNewDocument}]
Capabilities {acceptInsecureCerts: true, browserName: firefox, browserVersion: 122.0, moz:accessibilityChecks: false, moz:buildID: 20231220091547, moz:debuggerAddress: 127.0.0.1:34948, moz:geckodriverVersion: 0.34.0, moz:headless: false, moz:platformVersion: 10.0, moz:processID: 28888, moz:profile: C:\Users\OMEN\AppData\Local..., moz:shutdownTimeout: 60000, moz:webdriverClick: true, moz:windowless: false, pageLoadStrategy: normal, platformName: windows, proxy: Proxy(), se:cdp: ws://127.0.0.1:34948/devtoo..., se:cdpVersion: 85.0, setWindowRect: true, strictFileInteractability: false, timeouts: {implicit: 0, pageLoad: 300000, script: 30000}, unhandledPromptBehavior: dismiss and notify}
Session ID: ee53ac78-b0e1-49a7-9a12-7d1d995b4335
	at java.base/jdk.internal.reflect.NativeConstructorAccessorImpl.newInstance0(Native Method)
	at java.base/jdk.internal.reflect.NativeConstructorAccessorImpl.newInstance(NativeConstructorAccessorImpl.java:77)
	at java.base/jdk.internal.reflect.DelegatingConstructorAccessorImpl.newInstance(DelegatingConstructorAccessorImpl.java:45)
	at java.base/java.lang.reflect.Constructor.newInstanceWithCaller(Constructor.java:499)
	at java.base/java.lang.reflect.Constructor.newInstance(Constructor.java:480)
	at org.openqa.selenium.remote.codec.w3c.W3CHttpResponseCodec.createException(W3CHttpResponseCodec.java:200)
	at org.openqa.selenium.remote.codec.w3c.W3CHttpResponseCodec.decode(W3CHttpResponseCodec.java:133)
	at org.openqa.selenium.remote.codec.w3c.W3CHttpResponseCodec.decode(W3CHttpResponseCodec.java:52)
	at org.openqa.selenium.remote.HttpCommandExecutor.execute(HttpCommandExecutor.java:191)
	at org.openqa.selenium.remote.service.DriverCommandExecutor.invokeExecute(DriverCommandExecutor.java:196)
	at org.openqa.selenium.remote.service.DriverCommandExecutor.execute(DriverCommandExecutor.java:171)
	at org.openqa.selenium.remote.RemoteWebDriver.execute(RemoteWebDriver.java:602)
	at org.openqa.selenium.remote.ElementLocation$ElementFinder$2.findElement(ElementLocation.java:165)
	at org.openqa.selenium.remote.ElementLocation.findElement(ElementLocation.java:59)
	at org.openqa.selenium.remote.RemoteWebDriver.findElement(RemoteWebDriver.java:359)
	at org.openqa.selenium.remote.RemoteWebDriver.findElement(RemoteWebDriver.java:353)
	at pages.VaultPage.validateReqDocButton(VaultPage.java:34)
	at stepdefination.VaultPagedefinition.vaildate_request_doc_button_is_displayed(VaultPagedefinition.java:53)
	at ✽.vaildate request doc button is displayed(file:///C:/Users/OMEN/Desktop/workspace/CucumberBDDTestNGProject/src/test/resources/appFeature/vaultPage.feature:15)
</pre></div></td>
<td>35</td>
<td>testRunner.MyTestRunner@3b0090a4</td></tr>
</table><p>
<table width='100%' border='1' class='invocation-passed'>
<tr><td colspan='4' align='center'><b>PASSED TESTS</b></td></tr>
<tr><td><b>Test method</b></td>
<td><b>Attribute(s)</b></td>
<td width="30%"><b>Exception</b></td>
<td width="10%"><b>Time (seconds)</b></td>
<td><b>Instance</b></td>
</tr>
<tr>
<td title='testRunner.MyTestRunner.runScenario()'><b>runScenario</b><br>Test class: testRunner.MyTestRunner<br>Test method: Runs Cucumber Scenarios<br>Parameters: "Validate Request doc page title", "Test Request Document Page Functionlity"</td>
<td></td>
<td>43</td>
<td>testRunner.MyTestRunner@3b0090a4</td></tr>
<tr>
<td title='testRunner.MyTestRunner.runScenario()'><b>runScenario</b><br>Test class: testRunner.MyTestRunner<br>Test method: Runs Cucumber Scenarios<br>Parameters: "vaildate different tiles on request doc page", "Test Request Document Page Functionlity"</td>
<td></td>
<td>38</td>
<td>testRunner.MyTestRunner@3b0090a4</td></tr>
<tr>
<td title='testRunner.MyTestRunner.runScenario()'><b>runScenario</b><br>Test class: testRunner.MyTestRunner<br>Test method: Runs Cucumber Scenarios<br>Parameters: "Validate Login Page title", "Login Page Test"</td>
<td></td>
<td>28</td>
<td>testRunner.MyTestRunner@3b0090a4</td></tr>
<tr>
<td title='testRunner.MyTestRunner.runScenario()'><b>runScenario</b><br>Test class: testRunner.MyTestRunner<br>Test method: Runs Cucumber Scenarios<br>Parameters: "Validate Vault Page Title", "Test Vault Page Functionality"</td>
<td></td>
<td>35</td>
<td>testRunner.MyTestRunner@3b0090a4</td></tr>
<tr>
<td title='testRunner.MyTestRunner.runScenario()'><b>runScenario</b><br>Test class: testRunner.MyTestRunner<br>Test method: Runs Cucumber Scenarios<br>Parameters: "Login with Correct Credentials", "Login Page Test"</td>
<td></td>
<td>30</td>
<td>testRunner.MyTestRunner@3b0090a4</td></tr>
<tr>
<td title='testRunner.MyTestRunner.runScenario()'><b>runScenario</b><br>Test class: testRunner.MyTestRunner<br>Test method: Runs Cucumber Scenarios<br>Parameters: "Validate forgot password link", "Login Page Test"</td>
<td></td>
<td>23</td>
<td>testRunner.MyTestRunner@3b0090a4</td></tr>
</table><p>
</body>
</html>